<?xml version="1.0" encoding="UTF-8"?>
<!-- Generated by org.testng.reporters.JUnitReportReporter -->
<testsuite hostname="B03VY33" failures="0" tests="1" name="com.automation.testcases.GoogleSearchTestPage" time="8.796" errors="0" timestamp="12 Sep 2021 19:53:04 GMT" skipped="0">
  <testcase classname="com.automation.testcases.GoogleSearchTestPage" name="searchTextBox" time="8.796"/>
</testsuite> <!-- com.automation.testcases.GoogleSearchTestPage -->
